app/build/outputs/logs/manifest-merger-debug-report.txt
-- Merging decision tree log ---
manifest
ADDED from src/main/AndroidManifest.xml:2:1-40:12
	package
		ADDED from src/main/AndroidManifest.xml:3:5-45
		INJECTED from src/main/AndroidManifest.xml
		INJECTED from src/main/AndroidManifest.xml
	android:versionName
		ADDED from src/main/AndroidManifest.xml:5:5-30
		INJECTED from src/main/AndroidManifest.xml
		INJECTED from src/main/AndroidManifest.xml
	android:versionCode
		ADDED from src/main/AndroidManifest.xml:4:5-28
		INJECTED from src/main/AndroidManifest.xml
		INJECTED from src/main/AndroidManifest.xml
	xmlns:android
		ADDED from src/main/AndroidManifest.xml:2:11-69
uses-sdk
ADDED from src/main/AndroidManifest.xml:7:5-9:41
	android:targetSdkVersion
		ADDED from src/main/AndroidManifest.xml:9:9-38
		INJECTED from src/main/AndroidManifest.xml
		INJECTED from src/main/AndroidManifest.xml
	android:minSdkVersion
		ADDED from src/main/AndroidManifest.xml:8:9-35
		INJECTED from src/main/AndroidManifest.xml
		INJECTED from src/main/AndroidManifest.xml
uses-permission#android.permission.READ_EXTERNAL_STORAGE
ADDED from src/main/AndroidManifest.xml:11:7-82
	android:name
		ADDED from src/main/AndroidManifest.xml:11:24-79
application
ADDED from src/main/AndroidManifest.xml:13:5-38:19
	android:label
		ADDED from src/main/AndroidManifest.xml:17:9-41
	android:hardwareAccelerated
		ADDED from src/main/AndroidManifest.xml:15:9-43
	android:allowBackup
		ADDED from src/main/AndroidManifest.xml:14:9-35
	android:icon
		ADDED from src/main/AndroidManifest.xml:16:9-45
	android:theme
		ADDED from src/main/AndroidManifest.xml:18:9-40
activity#me.crossle.demo.surfacetexture.SurfaceViewActivity
ADDED from src/main/AndroidManifest.xml:19:9-22:20
	android:label
		ADDED from src/main/AndroidManifest.xml:21:13-45
	android:name
		ADDED from src/main/AndroidManifest.xml:20:13-48
activity#me.crossle.demo.surfacetexture.GLSurfaceViewActivity
ADDED from src/main/AndroidManifest.xml:23:9-26:20
	android:label
		ADDED from src/main/AndroidManifest.xml:25:13-45
	android:name
		ADDED from src/main/AndroidManifest.xml:24:13-50
activity#me.crossle.demo.surfacetexture.MediaPlayerSurfaceStubActivity
ADDED from src/main/AndroidManifest.xml:27:9-37:20
	android:screenOrientation
		ADDED from src/main/AndroidManifest.xml:31:13-50
	android:label
		ADDED from src/main/AndroidManifest.xml:30:13-45
	android:configChanges
		ADDED from src/main/AndroidManifest.xml:29:13-113
	android:name
		ADDED from src/main/AndroidManifest.xml:28:13-59
intent-filter#android.intent.action.MAIN+android.intent.category.LAUNCHER
ADDED from src/main/AndroidManifest.xml:32:14-36:29
action#android.intent.action.MAIN
ADDED from src/main/AndroidManifest.xml:33:17-69
	android:name
		ADDED from src/main/AndroidManifest.xml:33:25-66
category#android.intent.category.LAUNCHER
ADDED from src/main/AndroidManifest.xml:35:17-77
	android:name
		ADDED from src/main/AndroidManifest.xml:35:27-74